# JRE version: OpenJDK Runtime Environment (11.0.11+9) (build 11.0.11+9-b60-7590822)
# Java VM: OpenJDK 64-Bit Server VM (11.0.11+9-b60-7590822, mixed mode, tiered, compressed oops, g1 gc, windows-amd64)
Heap:
 garbage-first heap   total 155648K, used 96384K [0x0000000080000000, 0x0000000100000000)
  region size 1024K, 54 young (55296K), 3 survivors (3072K)
 Metaspace       used 63807K, capacity 65312K, committed 65612K, reserved 1110016K
  class space    used 8083K, capacity 8644K, committed 8780K, reserved 1048576K
GC Heap History (20 events):
Event: 1.310 GC heap before
{Heap before GC invocations=1 (full 0):
 garbage-first heap   total 129024K, used 19073K [0x0000000080000000, 0x0000000100000000)
  region size 1024K, 13 young (13312K), 2 survivors (2048K)
 Metaspace       used 9894K, capacity 10122K, committed 10368K, reserved 1058816K
  class space    used 1028K, capacity 1102K, committed 1152K, reserved 1048576K
}
Event: 1.313 GC heap after
{Heap after GC invocations=2 (full 0):
 garbage-first heap   total 129024K, used 9426K [0x0000000080000000, 0x0000000100000000)
  region size 1024K, 2 young (2048K), 2 survivors (2048K)
 Metaspace       used 9894K, capacity 10122K, committed 10368K, reserved 1058816K
  class space    used 1028K, capacity 1102K, committed 1152K, reserved 1048576K
}
Event: 1.955 GC heap before
{Heap before GC invocations=2 (full 0):
 garbage-first heap   total 129024K, used 38098K [0x0000000080000000, 0x0000000100000000)
  region size 1024K, 30 young (30720K), 2 survivors (2048K)
 Metaspace       used 10867K, capacity 11077K, committed 11264K, reserved 1058816K
  class space    used 1131K, capacity 1207K, committed 1280K, reserved 1048576K
}
Event: 1.958 GC heap after
{Heap after GC invocations=3 (full 0):
 garbage-first heap   total 129024K, used 11867K [0x0000000080000000, 0x0000000100000000)
  region size 1024K, 3 young (3072K), 3 survivors (3072K)
 Metaspace       used 10867K, capacity 11077K, committed 11264K, reserved 1058816K
  class space    used 1131K, capacity 1207K, committed 1280K, reserved 1048576K
}
Event: 3.529 GC heap before
{Heap before GC invocations=3 (full 0):
 garbage-first heap   total 129024K, used 80475K [0x0000000080000000, 0x0000000100000000)
  region size 1024K, 70 young (71680K), 3 survivors (3072K)
 Metaspace       used 20664K, capacity 21074K, committed 21248K, reserved 1067008K
  class space    used 2531K, capacity 2690K, committed 2816K, reserved 1048576K
}
Event: 3.540 GC heap after
{Heap after GC invocations=4 (full 0):
 garbage-first heap   total 129024K, used 16857K [0x0000000080000000, 0x0000000100000000)
  region size 1024K, 9 young (9216K), 9 survivors (9216K)
 Metaspace       used 20664K, capacity 21074K, committed 21248K, reserved 1067008K
  class space    used 2531K, capacity 2690K, committed 2816K, reserved 1048576K
}
Event: 3.548 GC heap before
{Heap before GC invocations=4 (full 0):
 garbage-first heap   total 129024K, used 16857K [0x0000000080000000, 0x0000000100000000)
  region size 1024K, 10 young (10240K), 9 survivors (9216K)
 Metaspace       used 20719K, capacity 21080K, committed 21248K, reserved 1067008K
  class space    used 2540K, capacity 2692K, committed 2816K, reserved 1048576K
}
Event: 3.555 GC heap after
{Heap after GC invocations=5 (full 0):
 garbage-first heap   total 129024K, used 17713K [0x0000000080000000, 0x0000000100000000)
  region size 1024K, 1 young (1024K), 1 survivors (1024K)
 Metaspace       used 20719K, capacity 21080K, committed 21248K, reserved 1067008K
  class space    used 2540K, capacity 2692K, committed 2816K, reserved 1048576K
}
Event: 4.955 GC heap before
{Heap before GC invocations=6 (full 0):
 garbage-first heap   total 129024K, used 77105K [0x0000000080000000, 0x0000000100000000)
  region size 1024K, 60 young (61440K), 1 survivors (1024K)
 Metaspace       used 26580K, capacity 27123K, committed 27264K, reserved 1073152K
  class space    used 3490K, capacity 3693K, committed 3712K, reserved 1048576K
}
Event: 4.961 GC heap after
{Heap after GC invocations=7 (full 0):
 garbage-first heap   total 129024K, used 19195K [0x0000000080000000, 0x0000000100000000)
  region size 1024K, 3 young (3072K), 3 survivors (3072K)
 Metaspace       used 26580K, capacity 27123K, committed 27264K, reserved 1073152K
  class space    used 3490K, capacity 3693K, committed 3712K, reserved 1048576K
}
Event: 6.214 GC heap before
{Heap before GC invocations=7 (full 0):
 garbage-first heap   total 129024K, used 70395K [0x0000000080000000, 0x0000000100000000)
  region size 1024K, 54 young (55296K), 3 survivors (3072K)
 Metaspace       used 35003K, capacity 35794K, committed 35840K, reserved 1081344K
  class space    used 4543K, capacity 4863K, committed 4864K, reserved 1048576K
}
Event: 6.223 GC heap after
{Heap after GC invocations=8 (full 0):
 garbage-first heap   total 129024K, used 22491K [0x0000000080000000, 0x0000000100000000)
  region size 1024K, 6 young (6144K), 6 survivors (6144K)
 Metaspace       used 35003K, capacity 35794K, committed 35840K, reserved 1081344K
  class space    used 4543K, capacity 4863K, committed 4864K, reserved 1048576K
}
Event: 7.433 GC heap before
{Heap before GC invocations=9 (full 0):
 garbage-first heap   total 129024K, used 90075K [0x0000000080000000, 0x0000000100000000)
  region size 1024K, 70 young (71680K), 6 survivors (6144K)
 Metaspace       used 39964K, capacity 40865K, committed 41036K, reserved 1085440K
  class space    used 5106K, capacity 5439K, committed 5452K, reserved 1048576K
}
Event: 7.447 GC heap after
{Heap after GC invocations=10 (full 0):
 garbage-first heap   total 129024K, used 27690K [0x0000000080000000, 0x0000000100000000)
  region size 1024K, 9 young (9216K), 9 survivors (9216K)
 Metaspace       used 39964K, capacity 40865K, committed 41036K, reserved 1085440K
  class space    used 5106K, capacity 5439K, committed 5452K, reserved 1048576K
}
Event: 9.207 GC heap before
{Heap before GC invocations=10 (full 0):
 garbage-first heap   total 129024K, used 91178K [0x0000000080000000, 0x0000000100000000)
  region size 1024K, 71 young (72704K), 9 survivors (9216K)
 Metaspace       used 45625K, capacity 46740K, committed 47052K, reserved 1089536K
  class space    used 5854K, capacity 6279K, committed 6348K, reserved 1048576K
}
Event: 9.224 GC heap after
{Heap after GC invocations=11 (full 0):
 garbage-first heap   total 155648K, used 29341K [0x0000000080000000, 0x0000000100000000)
  region size 1024K, 3 young (3072K), 3 survivors (3072K)
 Metaspace       used 45625K, capacity 46740K, committed 47052K, reserved 1089536K
  class space    used 5854K, capacity 6279K, committed 6348K, reserved 1048576K
}
Event: 12.579 GC heap before
{Heap before GC invocations=11 (full 0):
 garbage-first heap   total 155648K, used 112285K [0x0000000080000000, 0x0000000100000000)
  region size 1024K, 80 young (81920K), 3 survivors (3072K)
 Metaspace       used 50319K, capacity 51636K, committed 51788K, reserved 1093632K
  class space    used 6393K, capacity 6872K, committed 6988K, reserved 1048576K
}
Event: 12.593 GC heap after
{Heap after GC invocations=12 (full 0):
 garbage-first heap   total 155648K, used 43316K [0x0000000080000000, 0x0000000100000000)
  region size 1024K, 10 young (10240K), 10 survivors (10240K)
 Metaspace       used 50319K, capacity 51636K, committed 51788K, reserved 1093632K
  class space    used 6393K, capacity 6872K, committed 6988K, reserved 1048576K
}
Event: 17.598 GC heap before
{Heap before GC invocations=12 (full 0):
 garbage-first heap   total 155648K, used 99636K [0x0000000080000000, 0x0000000100000000)
  region size 1024K, 66 young (67584K), 10 survivors (10240K)
 Metaspace       used 58720K, capacity 60185K, committed 60236K, reserved 1101824K
  class space    used 7460K, capacity 8009K, committed 8012K, reserved 1048576K
}
Event: 17.621 GC heap after
{Heap after GC invocations=13 (full 0):
 garbage-first heap   total 155648K, used 46208K [0x0000000080000000, 0x0000000100000000)
  region size 1024K, 3 young (3072K), 3 survivors (3072K)
 Metaspace       used 58720K, capacity 60185K, committed 60236K, reserved 1101824K
  class space    used 7460K, capacity 8009K, committed 8012K, reserved 1048576K
}

